mode: set
github.com/tsawler/bookings-app/internal/forms/errors.go:6.44,8.2 1 1
github.com/tsawler/bookings-app/internal/forms/errors.go:11.42,13.18 2 1
github.com/tsawler/bookings-app/internal/forms/errors.go:16.2,16.14 1 1
github.com/tsawler/bookings-app/internal/forms/errors.go:13.18,15.3 1 1
github.com/tsawler/bookings-app/internal/forms/forms.go:12.29,14.2 1 1
github.com/tsawler/bookings-app/internal/forms/forms.go:23.33,28.2 1 1
github.com/tsawler/bookings-app/internal/forms/forms.go:31.43,32.31 1 1
github.com/tsawler/bookings-app/internal/forms/forms.go:32.31,34.37 2 1
github.com/tsawler/bookings-app/internal/forms/forms.go:34.37,36.4 1 1
github.com/tsawler/bookings-app/internal/forms/forms.go:41.39,43.13 2 1
github.com/tsawler/bookings-app/internal/forms/forms.go:46.2,46.13 1 1
github.com/tsawler/bookings-app/internal/forms/forms.go:43.13,45.3 1 1
github.com/tsawler/bookings-app/internal/forms/forms.go:50.52,52.21 2 1
github.com/tsawler/bookings-app/internal/forms/forms.go:52.21,54.3 1 1
github.com/tsawler/bookings-app/internal/forms/forms.go:57.38,58.40 1 1
github.com/tsawler/bookings-app/internal/forms/forms.go:58.40,60.3 1 1
