mode: set
github.com/tsawler/bookings-app/internal/handlers/handlers.go:30.62,35.2 1 0
github.com/tsawler/bookings-app/internal/handlers/handlers.go:38.51,43.2 1 1
github.com/tsawler/bookings-app/internal/handlers/handlers.go:46.33,48.2 1 1
github.com/tsawler/bookings-app/internal/handlers/handlers.go:51.67,54.2 2 1
github.com/tsawler/bookings-app/internal/handlers/handlers.go:57.68,60.2 1 1
github.com/tsawler/bookings-app/internal/handlers/handlers.go:63.74,65.9 2 1
github.com/tsawler/bookings-app/internal/handlers/handlers.go:70.2,71.16 2 1
github.com/tsawler/bookings-app/internal/handlers/handlers.go:77.2,92.4 10 1
github.com/tsawler/bookings-app/internal/handlers/handlers.go:65.9,69.3 3 1
github.com/tsawler/bookings-app/internal/handlers/handlers.go:71.16,75.3 3 1
github.com/tsawler/bookings-app/internal/handlers/handlers.go:96.78,98.16 2 1
github.com/tsawler/bookings-app/internal/handlers/handlers.go:104.2,110.16 5 1
github.com/tsawler/bookings-app/internal/handlers/handlers.go:116.2,117.16 2 1
github.com/tsawler/bookings-app/internal/handlers/handlers.go:123.2,124.16 2 1
github.com/tsawler/bookings-app/internal/handlers/handlers.go:130.2,145.19 6 1
github.com/tsawler/bookings-app/internal/handlers/handlers.go:156.2,157.16 2 1
github.com/tsawler/bookings-app/internal/handlers/handlers.go:163.2,172.16 3 1
github.com/tsawler/bookings-app/internal/handlers/handlers.go:178.2,179.65 2 1
github.com/tsawler/bookings-app/internal/handlers/handlers.go:98.16,102.3 3 1
github.com/tsawler/bookings-app/internal/handlers/handlers.go:110.16,114.3 3 1
github.com/tsawler/bookings-app/internal/handlers/handlers.go:117.16,121.3 3 1
github.com/tsawler/bookings-app/internal/handlers/handlers.go:124.16,128.3 3 1
github.com/tsawler/bookings-app/internal/handlers/handlers.go:145.19,154.3 5 1
github.com/tsawler/bookings-app/internal/handlers/handlers.go:157.16,161.3 3 1
github.com/tsawler/bookings-app/internal/handlers/handlers.go:172.16,176.3 3 1
github.com/tsawler/bookings-app/internal/handlers/handlers.go:183.71,185.2 1 1
github.com/tsawler/bookings-app/internal/handlers/handlers.go:188.69,190.2 1 1
github.com/tsawler/bookings-app/internal/handlers/handlers.go:193.75,195.2 1 1
github.com/tsawler/bookings-app/internal/handlers/handlers.go:198.79,200.16 2 1
github.com/tsawler/bookings-app/internal/handlers/handlers.go:205.2,209.16 5 1
github.com/tsawler/bookings-app/internal/handlers/handlers.go:214.2,215.16 2 1
github.com/tsawler/bookings-app/internal/handlers/handlers.go:221.2,222.16 2 1
github.com/tsawler/bookings-app/internal/handlers/handlers.go:228.2,228.21 1 1
github.com/tsawler/bookings-app/internal/handlers/handlers.go:233.2,245.4 5 1
github.com/tsawler/bookings-app/internal/handlers/handlers.go:200.16,204.3 3 1
github.com/tsawler/bookings-app/internal/handlers/handlers.go:209.16,213.3 3 1
github.com/tsawler/bookings-app/internal/handlers/handlers.go:215.16,219.3 3 1
github.com/tsawler/bookings-app/internal/handlers/handlers.go:222.16,226.3 3 1
github.com/tsawler/bookings-app/internal/handlers/handlers.go:228.21,232.3 3 1
github.com/tsawler/bookings-app/internal/handlers/handlers.go:256.79,258.16 2 1
github.com/tsawler/bookings-app/internal/handlers/handlers.go:264.2,287.14 12 1
github.com/tsawler/bookings-app/internal/handlers/handlers.go:258.16,262.3 3 1
github.com/tsawler/bookings-app/internal/handlers/handlers.go:291.70,293.2 1 1
github.com/tsawler/bookings-app/internal/handlers/handlers.go:295.81,297.9 2 1
github.com/tsawler/bookings-app/internal/handlers/handlers.go:303.2,314.4 9 1
github.com/tsawler/bookings-app/internal/handlers/handlers.go:297.9,301.3 3 1
github.com/tsawler/bookings-app/internal/handlers/handlers.go:317.73,320.16 3 1
github.com/tsawler/bookings-app/internal/handlers/handlers.go:325.2,326.9 2 1
github.com/tsawler/bookings-app/internal/handlers/handlers.go:331.2,333.60 3 1
github.com/tsawler/bookings-app/internal/handlers/handlers.go:320.16,324.3 3 1
github.com/tsawler/bookings-app/internal/handlers/handlers.go:326.9,330.3 3 1
github.com/tsawler/bookings-app/internal/handlers/handlers.go:336.71,351.16 12 1
github.com/tsawler/bookings-app/internal/handlers/handlers.go:356.2,358.60 3 1
github.com/tsawler/bookings-app/internal/handlers/handlers.go:351.16,355.3 3 1
