mode: set
github.com/tsawler/bookings-app/internal/handlers/handlers.go:24.47,28.2 1 1
github.com/tsawler/bookings-app/internal/handlers/handlers.go:31.33,33.2 1 1
github.com/tsawler/bookings-app/internal/handlers/handlers.go:36.67,41.2 3 1
github.com/tsawler/bookings-app/internal/handlers/handlers.go:44.68,56.2 5 1
github.com/tsawler/bookings-app/internal/handlers/handlers.go:59.74,67.2 4 1
github.com/tsawler/bookings-app/internal/handlers/handlers.go:70.78,72.16 2 1
github.com/tsawler/bookings-app/internal/handlers/handlers.go:76.2,89.19 6 1
github.com/tsawler/bookings-app/internal/handlers/handlers.go:99.2,100.65 2 1
github.com/tsawler/bookings-app/internal/handlers/handlers.go:72.16,75.3 2 0
github.com/tsawler/bookings-app/internal/handlers/handlers.go:89.19,97.3 4 0
github.com/tsawler/bookings-app/internal/handlers/handlers.go:104.71,106.2 1 1
github.com/tsawler/bookings-app/internal/handlers/handlers.go:109.69,111.2 1 1
github.com/tsawler/bookings-app/internal/handlers/handlers.go:114.75,116.2 1 1
github.com/tsawler/bookings-app/internal/handlers/handlers.go:119.79,123.2 3 1
github.com/tsawler/bookings-app/internal/handlers/handlers.go:130.79,136.16 3 1
github.com/tsawler/bookings-app/internal/handlers/handlers.go:139.2,141.14 3 1
github.com/tsawler/bookings-app/internal/handlers/handlers.go:136.16,138.3 1 0
github.com/tsawler/bookings-app/internal/handlers/handlers.go:145.70,147.2 1 1
github.com/tsawler/bookings-app/internal/handlers/handlers.go:149.81,151.9 2 1
github.com/tsawler/bookings-app/internal/handlers/handlers.go:158.2,163.4 4 0
github.com/tsawler/bookings-app/internal/handlers/handlers.go:151.9,156.3 4 1
